<?xml version="1.0" encoding="UTF-8"?>
<testsuite xmlns:xsi="http://www.w3.org/2001/XMLSchema-instance" xsi:noNamespaceSchemaLocation="https://maven.apache.org/surefire/maven-surefire-plugin/xsd/surefire-test-report-3.0.xsd" version="3.0" name="com.cognizant.loan.LoanApplicationTests" time="2.447" tests="1" errors="0" skipped="0" failures="0">
  <properties>
[...]
</properties>
  <testcase name="contextLoads" classname="com.cognizant.loan.LoanApplicationTests" time="0.568">
    <system-out><![CDATA[06:23:24.807 [main] INFO org.springframework.test.context.support.AnnotationConfigContextLoaderUtils -- Could not detect default configuration classes for test class [com.cognizant.loan.LoanApplicationTests]: LoanApplicationTests does not declare any static, non-private, non-final, nested classes annotated with @Configuration.
06:23:24.916 [main] INFO org.springframework.boot.test.context.SpringBootTestContextBootstrapper -- Found @SpringBootConfiguration com.cognizant.loan.LoanApplication for test class com.cognizant.loan.LoanApplicationTests
06:23:25.082 [main] INFO org.springframework.boot.devtools.restart.RestartApplicationListener -- Restart disabled due to context in which it is running

  .   ____          _            __ _ _
 /\\ / ___'_ __ _ _(_)_ __  __ _ \ \ \ \
( ( )\___ | '_ | '_| | '_ \/ _` | \ \ \ \
 \\/  ___)| |_)| | | | | || (_| |  ) ) ) )
  '  |____| .__|_| |_|_| |_\__, | / / / /
 =========|_|==============|___/=/_/_/_/
 :: Spring Boot ::                (v3.2.5)

2025-07-22T06:23:25.389+05:30  INFO 8724 --- [loan] [           main] c.cognizant.loan.LoanApplicationTests    : Starting LoanApplicationTests using Java 24.0.1 with PID 8724 (started by raaga in D:\Java-FSE-Exercises-6417094\Week5_MicroservicesWithAPIGateway\loan)
2025-07-22T06:23:25.391+05:30  INFO 8724 --- [loan] [           main] c.cognizant.loan.LoanApplicationTests    : No active profile set, falling back to 1 default profile: "default"
2025-07-22T06:23:26.504+05:30  INFO 8724 --- [loan] [           main] c.cognizant.loan.LoanApplicationTests    : Started LoanApplicationTests in 1.435 seconds (process running for 2.392)
]]></system-out>
    <system-err><![CDATA[WARNING: A Java agent has been loaded dynamically (C:\Users\raaga\.m2\repository\net\bytebuddy\byte-buddy-agent\1.14.13\byte-buddy-agent-1.14.13.jar)
WARNING: If a serviceability tool is in use, please run with -XX:+EnableDynamicAgentLoading to hide this warning
WARNING: If a serviceability tool is not in use, please run with -Djdk.instrument.traceUsage for more information
WARNING: Dynamic loading of agents will be disallowed by default in a future release
]]></system-err>
  </testcase>
</testsuite>